13:21:46.387 [main] DEBUG org.apache.poi.openxml4j.opc.PackageRelationshipCollection -Parsing relationship: /xl/_rels/workbook.xml.rels
13:21:46.400 [main] DEBUG org.apache.poi.openxml4j.opc.PackageRelationshipCollection -Parsing relationship: /xl/worksheets/_rels/sheet1.xml.rels
13:21:46.401 [main] DEBUG org.apache.poi.openxml4j.opc.PackageRelationshipCollection -Parsing relationship: /_rels/.rels
13:21:46.535 [main] DEBUG org.apache.poi.openxml4j.opc.PackageRelationshipCollection -Parsing relationship: /xl/_rels/workbook.xml.rels
13:21:46.542 [main] DEBUG org.apache.poi.openxml4j.opc.PackageRelationshipCollection -Parsing relationship: /xl/worksheets/_rels/sheet1.xml.rels
13:21:46.544 [main] DEBUG org.apache.poi.openxml4j.opc.PackageRelationshipCollection -Parsing relationship: /_rels/.rels
13:21:46.642 [main] DEBUG org.apache.poi.openxml4j.opc.PackageRelationshipCollection -Parsing relationship: /xl/_rels/workbook.xml.rels
13:21:46.643 [main] DEBUG org.apache.poi.openxml4j.opc.PackageRelationshipCollection -Parsing relationship: /xl/worksheets/_rels/sheet1.xml.rels
13:21:46.645 [main] DEBUG org.apache.poi.openxml4j.opc.PackageRelationshipCollection -Parsing relationship: /_rels/.rels
13:21:46.798 [main] DEBUG org.apache.poi.openxml4j.opc.PackageRelationshipCollection -Parsing relationship: /xl/_rels/workbook.xml.rels
13:21:46.799 [main] DEBUG org.apache.poi.openxml4j.opc.PackageRelationshipCollection -Parsing relationship: /xl/worksheets/_rels/sheet1.xml.rels
13:21:46.816 [main] DEBUG org.apache.poi.openxml4j.opc.PackageRelationshipCollection -Parsing relationship: /_rels/.rels
13:21:46.934 [main] INFO  testCases.TC003_LoginDDT -*** starting Login_DDT test ***
13:21:51.184 [main] INFO  testCases.TC003_LoginDDT -*** DDT test is exceuted ***
13:21:51.219 [main] INFO  testCases.TC003_LoginDDT -*** starting Login_DDT test ***
13:22:04.029 [main] INFO  testCases.TC003_LoginDDT -*** DDT test is exceuted ***
13:22:04.045 [main] INFO  testCases.TC003_LoginDDT -*** starting Login_DDT test ***
13:22:08.519 [main] INFO  testCases.TC003_LoginDDT -*** starting Login_DDT test ***
13:22:12.477 [main] INFO  testCases.TC003_LoginDDT -*** DDT test is exceuted ***
13:35:08.809 [main] DEBUG org.testng.TestNG -suiteXmlPath: "C:\Users\Anant\eclipse-workspace\OpenCart121\master.xml"
13:35:19.392 [main] INFO  testCases.TC001_AccountRegistrationTest -*****  Starting TC001_AccountRegistrationTest  *****
13:35:20.297 [main] INFO  testCases.TC001_AccountRegistrationTest -Clicked on My Account link
13:35:21.744 [main] INFO  testCases.TC001_AccountRegistrationTest -Clicked on Registered link
13:35:25.576 [main] INFO  testCases.TC001_AccountRegistrationTest -**** Finsihed Test ****
14:04:12.145 [main] DEBUG org.testng.TestNG -suiteXmlPath: "C:\Users\Anant\eclipse-workspace\OpenCart121\master.xml"
14:04:19.319 [main] INFO  testCases.TC001_AccountRegistrationTest -*****  Starting TC001_AccountRegistrationTest  *****
14:04:19.615 [main] INFO  testCases.TC001_AccountRegistrationTest -Clicked on My Account link
14:04:20.520 [main] INFO  testCases.TC001_AccountRegistrationTest -Clicked on Registered link
14:04:23.047 [main] INFO  testCases.TC001_AccountRegistrationTest -**** Finsihed Test ****
14:48:29.608 [main] DEBUG org.testng.TestNG -suiteXmlPath: "C:\Users\Anant\eclipse-workspace\OpenCart121\master.xml"
14:48:44.225 [main] INFO  testCases.TC001_AccountRegistrationTest -*****  Starting TC001_AccountRegistrationTest  *****
14:48:45.258 [main] INFO  testCases.TC001_AccountRegistrationTest -Clicked on My Account link
14:48:46.803 [main] INFO  testCases.TC001_AccountRegistrationTest -Clicked on Registered link
14:48:51.235 [main] INFO  testCases.TC001_AccountRegistrationTest -**** Finsihed Test ****
16:43:07.827 [main] DEBUG org.testng.TestNG -suiteXmlPath: "C:\Users\Anant\eclipse-workspace\OpenCart121\master.xml"
16:43:08.639 [main] INFO  org.testng.internal.Utils -[TestNG] Running:
  C:\Users\Anant\eclipse-workspace\OpenCart121\master.xml

16:43:18.097 [main] INFO  testCases.TC001_AccountRegistrationTest -*****  Starting TC001_AccountRegistrationTest  *****
16:43:18.595 [main] INFO  testCases.TC001_AccountRegistrationTest -Clicked on My Account link
16:43:20.008 [main] INFO  testCases.TC001_AccountRegistrationTest -Clicked on Registered link
16:43:23.727 [main] INFO  testCases.TC001_AccountRegistrationTest -**** Finsihed Test ****
18:16:04.317 [main] DEBUG org.testng.TestNG -suiteXmlPath: "C:\Users\Anant\eclipse-workspace\OpenCart121\crossbrowsertesting.xml"
18:16:05.125 [main] INFO  org.testng.internal.Utils -[TestNG] Running:
  C:\Users\Anant\eclipse-workspace\OpenCart121\crossbrowsertesting.xml

18:16:24.034 [TestNG-tests-3] INFO  testCases.TC001_AccountRegistrationTest -*****  Starting TC001_AccountRegistrationTest  *****
18:16:27.213 [TestNG-tests-1] INFO  testCases.TC001_AccountRegistrationTest -*****  Starting TC001_AccountRegistrationTest  *****
18:16:27.259 [TestNG-tests-2] INFO  testCases.TC001_AccountRegistrationTest -*****  Starting TC001_AccountRegistrationTest  *****
